<?xml version="1.0" encoding="UTF-8"?>
<testsuite name="jmodern.MainTest" tests="1" skipped="0" failures="0" errors="0" timestamp="2014-05-04T23:29:31" hostname="slewis-PC" time="0.051">
  <properties/>
  <testcase name="testTriple" classname="jmodern.MainTest" time="0.051"/>
  <system-out><![CDATA[]]></system-out>
  <system-err><![CDATA[]]></system-err>
</testsuite>
